<?xml version="1.0" encoding="UTF-8"?>
<!-- Generated by org.testng.reporters.JUnitXMLReporter -->
<testsuite hostname="INHYDLDSINGH2" ignored="0" name="Driver_Class" tests="1" failures="1" timestamp="20 Dec 2021 08:05:44 GMT" time="0.136" errors="0">
  <testcase name="manifestSubmitted" time="0.013" classname="test.Driver_Class">
    <failure type="java.io.FileNotFoundException" message="C:\TFS\Automation(Selenium)\Maven_TestNG_POM_POI\uCustoms\src\main\java\config\config.properties (The system cannot find the path specified)">
      <![CDATA[java.io.FileNotFoundException: C:\TFS\Automation(Selenium)\Maven_TestNG_POM_POI\uCustoms\src\main\java\config\config.properties (The system cannot find the path specified)
at java.io.FileInputStream.open0(Native Method)
at java.io.FileInputStream.open(FileInputStream.java:195)
at java.io.FileInputStream.<init>(FileInputStream.java:138)
at test.Driver_Class.manifestSubmitted(Driver_Class.java:221)
... Removed 25 stack frames]]>
    </failure>
  </testcase> <!-- manifestSubmitted -->
</testsuite> <!-- Driver_Class -->
