<?xml version="1.0" encoding="UTF-8"?>
<testng-results skipped="0" failed="1" ignored="0" total="1" passed="0">
  <reporter-output>
  </reporter-output>
  <suite name="Test" duration-ms="136" started-at="2021-12-20T08:05:44Z" finished-at="2021-12-20T08:05:44Z">
    <groups>
    </groups>
    <test name="Driver_Class" duration-ms="136" started-at="2021-12-20T08:05:44Z" finished-at="2021-12-20T08:05:44Z">
      <class name="test.Driver_Class">
        <test-method status="PASS" signature="setUp()[pri:0, instance:test.Driver_Class@ed9d034]" name="setUp" is-config="true" duration-ms="82" started-at="2021-12-20T08:05:44Z" finished-at="2021-12-20T08:05:44Z">
          <reporter-output>
          </reporter-output>
        </test-method> <!-- setUp -->
        <test-method status="FAIL" signature="manifestSubmitted()[pri:4, instance:test.Driver_Class@ed9d034]" name="manifestSubmitted" duration-ms="13" started-at="2021-12-20T08:05:44Z" finished-at="2021-12-20T08:05:44Z">
          <exception class="java.io.FileNotFoundException">
            <message>
              <![CDATA[C:\TFS\Automation(Selenium)\Maven_TestNG_POM_POI\uCustoms\src\main\java\config\config.properties (The system cannot find the path specified)]]>
            </message>
            <full-stacktrace>
              <![CDATA[java.io.FileNotFoundException: C:\TFS\Automation(Selenium)\Maven_TestNG_POM_POI\uCustoms\src\main\java\config\config.properties (The system cannot find the path specified)
at java.io.FileInputStream.open0(Native Method)
at java.io.FileInputStream.open(FileInputStream.java:195)
at java.io.FileInputStream.<init>(FileInputStream.java:138)
at test.Driver_Class.manifestSubmitted(Driver_Class.java:221)
at sun.reflect.NativeMethodAccessorImpl.invoke0(Native Method)
at sun.reflect.NativeMethodAccessorImpl.invoke(NativeMethodAccessorImpl.java:62)
at sun.reflect.DelegatingMethodAccessorImpl.invoke(DelegatingMethodAccessorImpl.java:43)
at java.lang.reflect.Method.invoke(Method.java:498)
at org.testng.internal.MethodInvocationHelper.invokeMethod(MethodInvocationHelper.java:124)
at org.testng.internal.Invoker.invokeMethod(Invoker.java:583)
at org.testng.internal.Invoker.invokeTestMethod(Invoker.java:719)
at org.testng.internal.Invoker.invokeTestMethods(Invoker.java:989)
at org.testng.internal.TestMethodWorker.invokeTestMethods(TestMethodWorker.java:125)
at org.testng.internal.TestMethodWorker.run(TestMethodWorker.java:109)
at org.testng.TestRunner.privateRun(TestRunner.java:648)
at org.testng.TestRunner.run(TestRunner.java:505)
at org.testng.SuiteRunner.runTest(SuiteRunner.java:455)
at org.testng.SuiteRunner.runSequentially(SuiteRunner.java:450)
at org.testng.SuiteRunner.privateRun(SuiteRunner.java:415)
at org.testng.SuiteRunner.run(SuiteRunner.java:364)
at org.testng.SuiteRunnerWorker.runSuite(SuiteRunnerWorker.java:52)
at org.testng.SuiteRunnerWorker.run(SuiteRunnerWorker.java:84)
at org.testng.TestNG.runSuitesSequentially(TestNG.java:1208)
at org.testng.TestNG.runSuitesLocally(TestNG.java:1137)
at org.testng.TestNG.runSuites(TestNG.java:1049)
at org.testng.TestNG.run(TestNG.java:1017)
at org.testng.remote.AbstractRemoteTestNG.run(AbstractRemoteTestNG.java:114)
at org.testng.remote.RemoteTestNG.initAndRun(RemoteTestNG.java:251)
at org.testng.remote.RemoteTestNG.main(RemoteTestNG.java:77)
]]>
            </full-stacktrace>
          </exception> <!-- java.io.FileNotFoundException -->
          <reporter-output>
          </reporter-output>
        </test-method> <!-- manifestSubmitted -->
      </class> <!-- test.Driver_Class -->
    </test> <!-- Driver_Class -->
  </suite> <!-- Test -->
</testng-results>
